<?xml version="1.0" encoding="UTF-8"?>
<web-app version="3.0" xmlns="http://java.sun.com/xml/ns/javaee"
         xmlns:xsi="http://www.w3.org/2001/XMLSchema-instance"
         xsi:schemaLocation="http://java.sun.com/xml/ns/javaee http://java.sun.com/xml/ns/javaee/web-app_3_0.xsd">

  <context-param>
    <param-name>resteasy.scan</param-name>
    <param-value>true</param-value>
  </context-param>

  <context-param>
    <param-name>resteasy.servlet.mapping.prefix</param-name>
    <param-value>/rest</param-value>
  </context-param>

  <context-param>
    <param-name>resteasy.injector.factory</param-name>
    <param-value>org.jboss.resteasy.cdi.CdiInjectorFactory</param-value>
  </context-param>

  <servlet>
    <servlet-name>Resteasy</servlet-name>
    <servlet-class>org.jboss.resteasy.plugins.server.servlet.HttpServletDispatcher</servlet-class>
  </servlet>

  <servlet-mapping>
    <servlet-name>Resteasy</servlet-name>
    <url-pattern>/rest/*</url-pattern>
  </servlet-mapping>

  <welcome-file-list>
    <welcome-file>login.jsp</welcome-file>
  </welcome-file-list>

  <listener>
    <listener-class>org.uberfire.backend.server.io.DisposableShutdownService</listener-class>
  </listener>

</web-app>
